C:\VCNET_PROJ\SKYDUMPCRED2\RELEASE\SKYDUMPCRED2.EXE
C:\VCNET_PROJ\SKYDUMPCRED2\RELEASE\SKYDUMPCRED2.PDB
C:\vcnet_proj\skydumpcred2\skydumpcred2\Release\cl.command.1.tlog
C:\vcnet_proj\skydumpcred2\skydumpcred2\Release\CL.read.1.tlog
C:\vcnet_proj\skydumpcred2\skydumpcred2\Release\CL.write.1.tlog
C:\VCNET_PROJ\SKYDUMPCRED2\SKYDUMPCRED2\RELEASE\COMMON.OBJ
C:\VCNET_PROJ\SKYDUMPCRED2\SKYDUMPCRED2\RELEASE\CRC32.OBJ
C:\vcnet_proj\skydumpcred2\skydumpcred2\Release\link.command.1.tlog
C:\vcnet_proj\skydumpcred2\skydumpcred2\Release\link.read.1.tlog
C:\vcnet_proj\skydumpcred2\skydumpcred2\Release\link.write.1.tlog
C:\VCNET_PROJ\SKYDUMPCRED2\SKYDUMPCRED2\RELEASE\MD5.OBJ
C:\VCNET_PROJ\SKYDUMPCRED2\SKYDUMPCRED2\RELEASE\MRAES.OBJ
C:\VCNET_PROJ\SKYDUMPCRED2\SKYDUMPCRED2\RELEASE\MRALLOC.OBJ
C:\VCNET_PROJ\SKYDUMPCRED2\SKYDUMPCRED2\RELEASE\MRARTH0.OBJ
C:\VCNET_PROJ\SKYDUMPCRED2\SKYDUMPCRED2\RELEASE\MRARTH1.OBJ
C:\VCNET_PROJ\SKYDUMPCRED2\SKYDUMPCRED2\RELEASE\MRARTH2.OBJ
C:\VCNET_PROJ\SKYDUMPCRED2\SKYDUMPCRED2\RELEASE\MRARTH3.OBJ
C:\VCNET_PROJ\SKYDUMPCRED2\SKYDUMPCRED2\RELEASE\MRBITS.OBJ
C:\VCNET_PROJ\SKYDUMPCRED2\SKYDUMPCRED2\RELEASE\MRBRICK.OBJ
C:\VCNET_PROJ\SKYDUMPCRED2\SKYDUMPCRED2\RELEASE\MRBUILD.OBJ
C:\VCNET_PROJ\SKYDUMPCRED2\SKYDUMPCRED2\RELEASE\MRCORE.OBJ
C:\VCNET_PROJ\SKYDUMPCRED2\SKYDUMPCRED2\RELEASE\MRCRT.OBJ
C:\VCNET_PROJ\SKYDUMPCRED2\SKYDUMPCRED2\RELEASE\MRCURVE.OBJ
C:\VCNET_PROJ\SKYDUMPCRED2\SKYDUMPCRED2\RELEASE\MRDOUBLE.OBJ
C:\VCNET_PROJ\SKYDUMPCRED2\SKYDUMPCRED2\RELEASE\MREBRICK.OBJ
C:\VCNET_PROJ\SKYDUMPCRED2\SKYDUMPCRED2\RELEASE\MREC2M.OBJ
C:\VCNET_PROJ\SKYDUMPCRED2\SKYDUMPCRED2\RELEASE\MRECN2.OBJ
C:\VCNET_PROJ\SKYDUMPCRED2\SKYDUMPCRED2\RELEASE\MRFAST.OBJ
C:\VCNET_PROJ\SKYDUMPCRED2\SKYDUMPCRED2\RELEASE\MRFLASH.OBJ
C:\VCNET_PROJ\SKYDUMPCRED2\SKYDUMPCRED2\RELEASE\MRFLSH1.OBJ
C:\VCNET_PROJ\SKYDUMPCRED2\SKYDUMPCRED2\RELEASE\MRFLSH2.OBJ
C:\VCNET_PROJ\SKYDUMPCRED2\SKYDUMPCRED2\RELEASE\MRFLSH3.OBJ
C:\VCNET_PROJ\SKYDUMPCRED2\SKYDUMPCRED2\RELEASE\MRFLSH4.OBJ
C:\VCNET_PROJ\SKYDUMPCRED2\SKYDUMPCRED2\RELEASE\MRFRND.OBJ
C:\VCNET_PROJ\SKYDUMPCRED2\SKYDUMPCRED2\RELEASE\MRGCD.OBJ
C:\VCNET_PROJ\SKYDUMPCRED2\SKYDUMPCRED2\RELEASE\MRGCM.OBJ
C:\VCNET_PROJ\SKYDUMPCRED2\SKYDUMPCRED2\RELEASE\MRGF2M.OBJ
C:\VCNET_PROJ\SKYDUMPCRED2\SKYDUMPCRED2\RELEASE\MRIO1.OBJ
C:\VCNET_PROJ\SKYDUMPCRED2\SKYDUMPCRED2\RELEASE\MRIO2.OBJ
C:\VCNET_PROJ\SKYDUMPCRED2\SKYDUMPCRED2\RELEASE\MRJACK.OBJ
C:\VCNET_PROJ\SKYDUMPCRED2\SKYDUMPCRED2\RELEASE\MRLUCAS.OBJ
C:\VCNET_PROJ\SKYDUMPCRED2\SKYDUMPCRED2\RELEASE\MRMONTY.OBJ
C:\VCNET_PROJ\SKYDUMPCRED2\SKYDUMPCRED2\RELEASE\MRMULDV.OBJ
C:\VCNET_PROJ\SKYDUMPCRED2\SKYDUMPCRED2\RELEASE\MRPI.OBJ
C:\VCNET_PROJ\SKYDUMPCRED2\SKYDUMPCRED2\RELEASE\MRPOWER.OBJ
C:\VCNET_PROJ\SKYDUMPCRED2\SKYDUMPCRED2\RELEASE\MRPRIME.OBJ
C:\VCNET_PROJ\SKYDUMPCRED2\SKYDUMPCRED2\RELEASE\MRRAND.OBJ
C:\VCNET_PROJ\SKYDUMPCRED2\SKYDUMPCRED2\RELEASE\MRROUND.OBJ
C:\VCNET_PROJ\SKYDUMPCRED2\SKYDUMPCRED2\RELEASE\MRSCRT.OBJ
C:\VCNET_PROJ\SKYDUMPCRED2\SKYDUMPCRED2\RELEASE\MRSHS.OBJ
C:\VCNET_PROJ\SKYDUMPCRED2\SKYDUMPCRED2\RELEASE\MRSHS256.OBJ
C:\VCNET_PROJ\SKYDUMPCRED2\SKYDUMPCRED2\RELEASE\MRSHS512.OBJ
C:\VCNET_PROJ\SKYDUMPCRED2\SKYDUMPCRED2\RELEASE\MRSMALL.OBJ
C:\VCNET_PROJ\SKYDUMPCRED2\SKYDUMPCRED2\RELEASE\MRSROOT.OBJ
C:\VCNET_PROJ\SKYDUMPCRED2\SKYDUMPCRED2\RELEASE\MRSTRONG.OBJ
C:\VCNET_PROJ\SKYDUMPCRED2\SKYDUMPCRED2\RELEASE\MRXGCD.OBJ
C:\VCNET_PROJ\SKYDUMPCRED2\SKYDUMPCRED2\RELEASE\MRZZN2.OBJ
C:\VCNET_PROJ\SKYDUMPCRED2\SKYDUMPCRED2\RELEASE\MRZZN2B.OBJ
C:\VCNET_PROJ\SKYDUMPCRED2\SKYDUMPCRED2\RELEASE\MRZZN3.OBJ
C:\vcnet_proj\skydumpcred2\skydumpcred2\Release\mt.command.1.tlog
C:\vcnet_proj\skydumpcred2\skydumpcred2\Release\mt.read.1.tlog
C:\vcnet_proj\skydumpcred2\skydumpcred2\Release\mt.write.1.tlog
C:\VCNET_PROJ\SKYDUMPCRED2\SKYDUMPCRED2\RELEASE\RIJNDAEL.OBJ
C:\VCNET_PROJ\SKYDUMPCRED2\SKYDUMPCRED2\RELEASE\SHA.OBJ
C:\VCNET_PROJ\SKYDUMPCRED2\SKYDUMPCRED2\RELEASE\SKYDUMPCRED2.EXE.INTERMEDIATE.MANIFEST
C:\VCNET_PROJ\SKYDUMPCRED2\SKYDUMPCRED2\RELEASE\SKYLOGIN.OBJ
C:\VCNET_PROJ\SKYDUMPCRED2\SKYDUMPCRED2\RELEASE\SKYPE_CRED.OBJ
C:\VCNET_PROJ\SKYDUMPCRED2\SKYDUMPCRED2\RELEASE\VC100.PDB
